<?xml version="1.0" encoding="UTF-8"?>
<!-- Generated by org.testng.reporters.JUnitXMLReporter -->
<testsuite ignored="0" hostname="DESKTOP-L85NF1Q" failures="0" tests="2" name="Default test" time="91.689" errors="0" timestamp="2022-09-15T07:30:33 IST">
  <testcase classname="com.automationpractice.tests.LoginTest" name="invalidCredentialsTest" time="38.816"/>
  <testcase classname="com.automationpractice.tests.LoginTest" name="validCredentialsTest" time="50.289"/>
</testsuite> <!-- Default test -->
