<?xml version="1.0" encoding="UTF-8"?>
<testng-results ignored="2" total="4" passed="2" failed="0" skipped="0">
  <reporter-output>
  </reporter-output>
  <suite started-at="2022-09-15T08:56:37 IST" name="Test suite" finished-at="2022-09-15T08:57:22 IST" duration-ms="45103">
    <groups>
      <group name="Sanity">
        <method signature="LoginTest.validCredentialsTest()[pri:0, instance:com.automationpractice.tests.LoginTest@67c27493]" name="validCredentialsTest" class="com.automationpractice.tests.LoginTest"/>
        <method signature="SearchTest.withSearchTerm()[pri:0, instance:com.automationpractice.tests.SearchTest@5c6648b0]" name="withSearchTerm" class="com.automationpractice.tests.SearchTest"/>
      </group> <!-- Sanity -->
      <group name="Regression">
        <method signature="LoginTest.validCredentialsTest()[pri:0, instance:com.automationpractice.tests.LoginTest@67c27493]" name="validCredentialsTest" class="com.automationpractice.tests.LoginTest"/>
        <method signature="SearchTest.withSearchTerm()[pri:0, instance:com.automationpractice.tests.SearchTest@5c6648b0]" name="withSearchTerm" class="com.automationpractice.tests.SearchTest"/>
      </group> <!-- Regression -->
    </groups>
    <test started-at="2022-09-15T08:56:37 IST" name="Regression Test" finished-at="2022-09-15T08:57:22 IST" duration-ms="45103">
      <class name="com.automationpractice.tests.SearchTest">
        <test-method is-config="true" signature="initDriver()[pri:0, instance:com.automationpractice.tests.SearchTest@5c6648b0]" started-at="2022-09-15T08:56:56 IST" name="initDriver" finished-at="2022-09-15T08:56:57 IST" duration-ms="658" status="PASS">
          <reporter-output>
          </reporter-output>
        </test-method> <!-- initDriver -->
        <test-method signature="withSearchTerm()[pri:0, instance:com.automationpractice.tests.SearchTest@5c6648b0]" started-at="2022-09-15T08:56:57 IST" name="withSearchTerm" finished-at="2022-09-15T08:57:22 IST" duration-ms="25545" status="PASS">
          <reporter-output>
          </reporter-output>
        </test-method> <!-- withSearchTerm -->
        <test-method is-config="true" signature="quitDriver()[pri:0, instance:com.automationpractice.tests.SearchTest@5c6648b0]" started-at="2022-09-15T08:57:22 IST" name="quitDriver" finished-at="2022-09-15T08:57:22 IST" duration-ms="120" status="PASS">
          <reporter-output>
          </reporter-output>
        </test-method> <!-- quitDriver -->
      </class> <!-- com.automationpractice.tests.SearchTest -->
      <class name="com.automationpractice.tests.LoginTest">
        <test-method is-config="true" signature="initDriver()[pri:0, instance:com.automationpractice.tests.LoginTest@67c27493]" started-at="2022-09-15T08:56:37 IST" name="initDriver" finished-at="2022-09-15T08:56:39 IST" duration-ms="1566" status="PASS">
          <reporter-output>
          </reporter-output>
        </test-method> <!-- initDriver -->
        <test-method signature="validCredentialsTest()[pri:0, instance:com.automationpractice.tests.LoginTest@67c27493]" started-at="2022-09-15T08:56:39 IST" name="validCredentialsTest" finished-at="2022-09-15T08:56:56 IST" duration-ms="17103" status="PASS">
          <reporter-output>
          </reporter-output>
        </test-method> <!-- validCredentialsTest -->
        <test-method is-config="true" signature="quitDriver()[pri:0, instance:com.automationpractice.tests.LoginTest@67c27493]" started-at="2022-09-15T08:56:56 IST" name="quitDriver" finished-at="2022-09-15T08:56:56 IST" duration-ms="81" status="PASS">
          <reporter-output>
          </reporter-output>
        </test-method> <!-- quitDriver -->
      </class> <!-- com.automationpractice.tests.LoginTest -->
    </test> <!-- Regression Test -->
  </suite> <!-- Test suite -->
</testng-results>
